<?xml version="1.0" encoding="UTF-8"?>
<!-- Generated by org.testng.reporters.JUnitXMLReporter -->
<testsuite ignored="0" hostname="Siddhant" failures="0" tests="6" name="EndToEndTest" time="84.788" errors="0" timestamp="2023-08-08T01:03:55 IST">
  <testcase classname="TestPackage.ValidLoginTestCase" name="validLogin" time="0.496"/>
  <testcase classname="TestPackage.ValidLoginTestCase" name="invalidLogin" time="5.773"/>
  <testcase classname="TestPackage.ProjectCustomerTestCase" name="createCustomerAndProject" time="4.401"/>
  <testcase classname="TestPackage.UserTestCase" name="createUserManager" time="4.251"/>
  <testcase classname="TestPackage.UserTestCase" name="createUserByManager" time="3.771"/>
  <testcase classname="TestPackage.TasksTestCase" name="taskFlow" time="33.17"/>
</testsuite> <!-- EndToEndTest -->
