<?xml version="1.0" encoding="UTF-8"?>
<testng-results ignored="0" total="6" passed="6" failed="0" skipped="0">
  <reporter-output>
  </reporter-output>
  <suite started-at="2023-08-08T01:02:30 IST" name="Suite" finished-at="2023-08-08T01:03:55 IST" duration-ms="84788">
    <groups>
    </groups>
    <test started-at="2023-08-08T01:02:30 IST" name="EndToEndTest" finished-at="2023-08-08T01:03:55 IST" duration-ms="84788">
      <class name="TestPackage.ProjectCustomerTestCase">
        <test-method is-config="true" signature="setUp()[pri:0, instance:TestPackage.ProjectCustomerTestCase@4135c3b]" started-at="2023-08-08T01:02:49 IST" name="setUp" finished-at="2023-08-08T01:02:54 IST" duration-ms="5009" status="PASS">
          <reporter-output>
          </reporter-output>
        </test-method> <!-- setUp -->
        <test-method signature="createCustomerAndProject()[pri:0, instance:TestPackage.ProjectCustomerTestCase@4135c3b]" started-at="2023-08-08T01:02:54 IST" name="createCustomerAndProject" finished-at="2023-08-08T01:02:59 IST" duration-ms="4401" status="PASS">
          <reporter-output>
          </reporter-output>
        </test-method> <!-- createCustomerAndProject -->
        <test-method is-config="true" signature="tearDown()[pri:0, instance:TestPackage.ProjectCustomerTestCase@4135c3b]" started-at="2023-08-08T01:02:59 IST" name="tearDown" finished-at="2023-08-08T01:02:59 IST" duration-ms="321" status="PASS">
          <reporter-output>
          </reporter-output>
        </test-method> <!-- tearDown -->
      </class> <!-- TestPackage.ProjectCustomerTestCase -->
      <class name="TestPackage.TasksTestCase">
        <test-method is-config="true" signature="setUp()[pri:0, instance:TestPackage.TasksTestCase@2a4fb17b]" started-at="2023-08-08T01:03:16 IST" name="setUp" finished-at="2023-08-08T01:03:21 IST" duration-ms="5333" status="PASS">
          <reporter-output>
          </reporter-output>
        </test-method> <!-- setUp -->
        <test-method signature="taskFlow()[pri:0, instance:TestPackage.TasksTestCase@2a4fb17b]" started-at="2023-08-08T01:03:21 IST" name="taskFlow" finished-at="2023-08-08T01:03:55 IST" duration-ms="33170" status="PASS">
          <reporter-output>
          </reporter-output>
        </test-method> <!-- taskFlow -->
        <test-method is-config="true" signature="tearDown()[pri:0, instance:TestPackage.TasksTestCase@2a4fb17b]" started-at="2023-08-08T01:03:55 IST" name="tearDown" finished-at="2023-08-08T01:03:55 IST" duration-ms="560" status="PASS">
          <reporter-output>
          </reporter-output>
        </test-method> <!-- tearDown -->
      </class> <!-- TestPackage.TasksTestCase -->
      <class name="TestPackage.UserTestCase">
        <test-method is-config="true" signature="setUp()[pri:0, instance:TestPackage.UserTestCase@34a3d150]" started-at="2023-08-08T01:02:59 IST" name="setUp" finished-at="2023-08-08T01:03:03 IST" duration-ms="4397" status="PASS">
          <reporter-output>
          </reporter-output>
        </test-method> <!-- setUp -->
        <test-method signature="createUserManager()[pri:0, instance:TestPackage.UserTestCase@34a3d150]" started-at="2023-08-08T01:03:03 IST" name="createUserManager" finished-at="2023-08-08T01:03:08 IST" duration-ms="4251" status="PASS">
          <reporter-output>
          </reporter-output>
        </test-method> <!-- createUserManager -->
        <test-method is-config="true" signature="tearDown()[pri:0, instance:TestPackage.UserTestCase@34a3d150]" started-at="2023-08-08T01:03:08 IST" name="tearDown" finished-at="2023-08-08T01:03:08 IST" duration-ms="257" status="PASS">
          <reporter-output>
          </reporter-output>
        </test-method> <!-- tearDown -->
        <test-method is-config="true" signature="setUp()[pri:0, instance:TestPackage.UserTestCase@34a3d150]" started-at="2023-08-08T01:03:08 IST" name="setUp" finished-at="2023-08-08T01:03:12 IST" duration-ms="4084" status="PASS">
          <reporter-output>
          </reporter-output>
        </test-method> <!-- setUp -->
        <test-method signature="createUserByManager()[pri:0, instance:TestPackage.UserTestCase@34a3d150]" started-at="2023-08-08T01:03:12 IST" name="createUserByManager" finished-at="2023-08-08T01:03:16 IST" depends-on-methods="TestPackage.UserTestCase.createUserManager" duration-ms="3771" status="PASS">
          <reporter-output>
          </reporter-output>
        </test-method> <!-- createUserByManager -->
        <test-method is-config="true" signature="tearDown()[pri:0, instance:TestPackage.UserTestCase@34a3d150]" started-at="2023-08-08T01:03:16 IST" name="tearDown" finished-at="2023-08-08T01:03:16 IST" duration-ms="309" status="PASS">
          <reporter-output>
          </reporter-output>
        </test-method> <!-- tearDown -->
      </class> <!-- TestPackage.UserTestCase -->
      <class name="TestPackage.ValidLoginTestCase">
        <test-method is-config="true" signature="setUp()[pri:0, instance:TestPackage.ValidLoginTestCase@7f3b84b8]" started-at="2023-08-08T01:02:30 IST" name="setUp" finished-at="2023-08-08T01:02:37 IST" duration-ms="6488" status="PASS">
          <reporter-output>
          </reporter-output>
        </test-method> <!-- setUp -->
        <test-method signature="validLogin()[pri:0, instance:TestPackage.ValidLoginTestCase@7f3b84b8]" started-at="2023-08-08T01:02:37 IST" name="validLogin" finished-at="2023-08-08T01:02:37 IST" duration-ms="496" status="PASS">
          <reporter-output>
          </reporter-output>
        </test-method> <!-- validLogin -->
        <test-method is-config="true" signature="tearDown()[pri:0, instance:TestPackage.ValidLoginTestCase@7f3b84b8]" started-at="2023-08-08T01:02:37 IST" name="tearDown" finished-at="2023-08-08T01:02:38 IST" duration-ms="447" status="PASS">
          <reporter-output>
          </reporter-output>
        </test-method> <!-- tearDown -->
        <test-method is-config="true" signature="setUp()[pri:0, instance:TestPackage.ValidLoginTestCase@7f3b84b8]" started-at="2023-08-08T01:02:38 IST" name="setUp" finished-at="2023-08-08T01:02:43 IST" duration-ms="5360" status="PASS">
          <reporter-output>
          </reporter-output>
        </test-method> <!-- setUp -->
        <test-method signature="invalidLogin()[pri:1, instance:TestPackage.ValidLoginTestCase@7f3b84b8]" started-at="2023-08-08T01:02:43 IST" name="invalidLogin" finished-at="2023-08-08T01:02:49 IST" duration-ms="5773" status="PASS">
          <reporter-output>
          </reporter-output>
        </test-method> <!-- invalidLogin -->
        <test-method is-config="true" signature="tearDown()[pri:0, instance:TestPackage.ValidLoginTestCase@7f3b84b8]" started-at="2023-08-08T01:02:49 IST" name="tearDown" finished-at="2023-08-08T01:02:49 IST" duration-ms="254" status="PASS">
          <reporter-output>
          </reporter-output>
        </test-method> <!-- tearDown -->
      </class> <!-- TestPackage.ValidLoginTestCase -->
    </test> <!-- EndToEndTest -->
  </suite> <!-- Suite -->
</testng-results>
