<?xml version="1.0" encoding="UTF-8"?>
<testng-results ignored="0" total="5" passed="5" failed="0" skipped="0">
  <reporter-output>
  </reporter-output>
  <suite started-at="2023-07-27T15:12:48 IST" name="Default suite" finished-at="2023-07-27T15:13:54 IST" duration-ms="66344">
    <groups>
    </groups>
    <test started-at="2023-07-27T15:12:48 IST" name="Default test" finished-at="2023-07-27T15:13:54 IST" duration-ms="66344">
      <class name="testNG2.ActiTimeDataProvider">
        <test-method signature="invalidLoginMethod(java.lang.String,java.lang.String)[pri:0, instance:testNG2.ActiTimeDataProvider@2a65fe7c]" started-at="2023-07-27T15:12:48 IST" name="invalidLoginMethod" data-provider="testData" finished-at="2023-07-27T15:13:20 IST" duration-ms="32002" status="PASS">
          <params>
            <param index="0">
              <value>
                <![CDATA[ad_min]]>
              </value>
            </param>
            <param index="1">
              <value>
                <![CDATA[mana_ger]]>
              </value>
            </param>
          </params>
          <reporter-output>
          </reporter-output>
        </test-method> <!-- invalidLoginMethod -->
        <test-method signature="invalidLoginMethod(java.lang.String,java.lang.String)[pri:0, instance:testNG2.ActiTimeDataProvider@2a65fe7c]" started-at="2023-07-27T15:13:20 IST" name="invalidLoginMethod" data-provider="testData" finished-at="2023-07-27T15:13:30 IST" duration-ms="9777" status="PASS">
          <params>
            <param index="0">
              <value>
                <![CDATA[manager]]>
              </value>
            </param>
            <param index="1">
              <value>
                <![CDATA[admin]]>
              </value>
            </param>
          </params>
          <reporter-output>
          </reporter-output>
        </test-method> <!-- invalidLoginMethod -->
        <test-method signature="invalidLoginMethod(java.lang.String,java.lang.String)[pri:0, instance:testNG2.ActiTimeDataProvider@2a65fe7c]" started-at="2023-07-27T15:13:30 IST" name="invalidLoginMethod" data-provider="testData" finished-at="2023-07-27T15:13:38 IST" duration-ms="7983" status="PASS">
          <params>
            <param index="0">
              <value>
                <![CDATA[@admin]]>
              </value>
            </param>
            <param index="1">
              <value>
                <![CDATA[@manager]]>
              </value>
            </param>
          </params>
          <reporter-output>
          </reporter-output>
        </test-method> <!-- invalidLoginMethod -->
        <test-method signature="invalidLoginMethod(java.lang.String,java.lang.String)[pri:0, instance:testNG2.ActiTimeDataProvider@2a65fe7c]" started-at="2023-07-27T15:13:38 IST" name="invalidLoginMethod" data-provider="testData" finished-at="2023-07-27T15:13:46 IST" duration-ms="8004" status="PASS">
          <params>
            <param index="0">
              <value>
                <![CDATA[admin123]]>
              </value>
            </param>
            <param index="1">
              <value>
                <![CDATA[manager123]]>
              </value>
            </param>
          </params>
          <reporter-output>
          </reporter-output>
        </test-method> <!-- invalidLoginMethod -->
        <test-method signature="invalidLoginMethod(java.lang.String,java.lang.String)[pri:0, instance:testNG2.ActiTimeDataProvider@2a65fe7c]" started-at="2023-07-27T15:13:46 IST" name="invalidLoginMethod" data-provider="testData" finished-at="2023-07-27T15:13:54 IST" duration-ms="8440" status="PASS">
          <params>
            <param index="0">
              <value>
                <![CDATA[123admin]]>
              </value>
            </param>
            <param index="1">
              <value>
                <![CDATA[123manager]]>
              </value>
            </param>
          </params>
          <reporter-output>
          </reporter-output>
        </test-method> <!-- invalidLoginMethod -->
      </class> <!-- testNG2.ActiTimeDataProvider -->
    </test> <!-- Default test -->
  </suite> <!-- Default suite -->
</testng-results>
