<?xml version="1.0" encoding="UTF-8"?>
<!-- Generated by org.testng.reporters.JUnitXMLReporter -->
<testsuite ignored="1" hostname="Siddhant" failures="1" tests="1" name="Test(failed)" time="0.133" errors="0" timestamp="2023-07-17T15:14:08 IST">
  <testcase classname="testNG2.Demo3" name="method6" time="0.023">
    <failure type="java.lang.ArithmeticException" message="/ by zero">
      <![CDATA[java.lang.ArithmeticException: / by zero
at testNG2.Demo3.method6(Demo3.java:17)
at java.base/java.util.ArrayList.forEach(ArrayList.java:1511)
... Removed 27 stack frames]]>
    </failure>
  </testcase> <!-- method6 -->
  <testcase classname="testNG2.Demo3" name="method5" time="0.0">
    <ignored/>
  </testcase> <!-- method5 -->
</testsuite> <!-- Test(failed) -->
