<?xml version="1.0" encoding="UTF-8"?>
<!-- Generated by org.testng.reporters.JUnitXMLReporter -->
<testsuite ignored="0" hostname="Siddhant" failures="0" tests="5" name="Default test" time="66.344" errors="0" timestamp="2023-07-27T15:13:54 IST">
  <testcase classname="testNG2.ActiTimeDataProvider" name="invalidLoginMethod" time="32.002"/>
  <testcase classname="testNG2.ActiTimeDataProvider" name="invalidLoginMethod" time="9.777"/>
  <testcase classname="testNG2.ActiTimeDataProvider" name="invalidLoginMethod" time="7.983"/>
  <testcase classname="testNG2.ActiTimeDataProvider" name="invalidLoginMethod" time="8.004"/>
  <testcase classname="testNG2.ActiTimeDataProvider" name="invalidLoginMethod" time="8.44"/>
</testsuite> <!-- Default test -->
