<?xml version="1.0" encoding="UTF-8"?>
<!-- Generated by org.testng.reporters.JUnitXMLReporter -->
<testsuite ignored="0" hostname="Siddhant" failures="0" tests="6" name="Test" time="0.365" errors="0" timestamp="2023-07-18T15:16:53 IST">
  <testcase classname="testNG2.TestMethod2" name="testMethod4" time="0.054"/>
  <testcase classname="testNG2.TestMethod3" name="testMethod6" time="0.035"/>
  <testcase classname="testNG2.TestMethod2" name="testMethod3" time="0.045"/>
  <testcase classname="testNG2.TestMethod1" name="testMethod1" time="0.045"/>
  <testcase classname="testNG2.TestMethod3" name="testMethod1" time="0.102"/>
  <testcase classname="testNG2.TestMethod1" name="testMethod2" time="0.006"/>
</testsuite> <!-- Test -->
